<?xml version="1.0" encoding="UTF-8"?>
<!-- Generated by org.testng.reporters.JUnitReportReporter -->
<testsuite skipped="0" hostname="Giedres-NB" name="testAkademija.CreateAccountTest" tests="1" failures="0" timestamp="27 Jun 2018 11:31:02 GMT" time="2.475" errors="0">
  <testcase name="testRegistration" time="2.475" classname="testAkademija.CreateAccountTest"/>
</testsuite> <!-- testAkademija.CreateAccountTest -->
