<?xml version="1.0" encoding="UTF-8"?>
<!-- Generated by org.testng.reporters.JUnitReportReporter -->
<testsuite skipped="0" hostname="Giedres-NB" name="testAkademija.XMLReader" tests="1" failures="0" timestamp="27 Jun 2018 09:43:41 GMT" time="0.645" errors="0">
  <testcase name="test" time="0.645" classname="testAkademija.XMLReader"/>
</testsuite> <!-- testAkademija.XMLReader -->
