<?xml version="1.0" encoding="UTF-8"?>
<!-- Generated by org.testng.reporters.JUnitReportReporter -->
<testsuite skipped="0" hostname="Giedres-NB" name="testAkademija.PasswordReminderTest" tests="1" failures="0" timestamp="27 Jun 2018 09:45:19 GMT" time="3.114" errors="0">
  <testcase name="testRegistration" time="3.114" classname="testAkademija.PasswordReminderTest"/>
</testsuite> <!-- testAkademija.PasswordReminderTest -->
