<?xml version="1.0" encoding="UTF-8"?>
<!-- Generated by org.testng.reporters.JUnitReportReporter -->
<testsuite skipped="0" hostname="Giedres-NB" name="testAkademija.DiscountCheckTest" tests="1" failures="0" timestamp="25 Jun 2018 08:20:35 GMT" time="0.010" errors="0">
  <testcase name="testDiscounts" time="0.010" classname="testAkademija.DiscountCheckTest"/>
</testsuite> <!-- testAkademija.DiscountCheckTest -->
