<?xml version="1.0" encoding="UTF-8"?>
<!-- Generated by org.testng.reporters.JUnitReportReporter -->
<testsuite skipped="0" hostname="Giedres-NB" name="testAkademija.AddToCartAndRemoveTest" tests="1" failures="0" timestamp="27 Jun 2018 08:50:22 GMT" time="4.860" errors="0">
  <testcase name="testAddToCartAndRemove" time="4.860" classname="testAkademija.AddToCartAndRemoveTest"/>
</testsuite> <!-- testAkademija.AddToCartAndRemoveTest -->
