<?xml version="1.0" encoding="UTF-8"?>
<!-- Generated by org.testng.reporters.JUnitReportReporter -->
<testsuite skipped="0" hostname="Giedres-NB" name="testAkademija.CheckPriceTest" tests="3" failures="0" timestamp="27 Jun 2018 13:02:00 GMT" time="27.631" errors="0">
  <testcase name="testCheckPrice" time="9.634" classname="testAkademija.CheckPriceTest"/>
  <testcase name="testCheckPrice" time="9.200" classname="testAkademija.CheckPriceTest"/>
  <testcase name="testCheckPrice" time="8.797" classname="testAkademija.CheckPriceTest"/>
</testsuite> <!-- testAkademija.CheckPriceTest -->
