<?xml version="1.0" encoding="UTF-8"?>
<!-- Generated by org.testng.reporters.JUnitReportReporter -->
<testsuite skipped="0" hostname="Giedres-NB" name="testAkademija.ItemXmlCreator" tests="2" failures="0" timestamp="27 Jun 2018 12:38:16 GMT" time="0.304" errors="0">
  <testcase name="createOneItem" time="0.013" classname="testAkademija.ItemXmlCreator"/>
  <testcase name="createItemsList" time="0.291" classname="testAkademija.ItemXmlCreator"/>
</testsuite> <!-- testAkademija.ItemXmlCreator -->
